  [1m[36mSQL (0.2ms)[0m  [1m SELECT name
 FROM sqlite_master
 WHERE type = 'table' AND NOT name = 'sqlite_sequence'
[0m
  [1m[35mSQL (0.1ms)[0m  select sqlite_version(*)
  [1m[36mSQL (104.0ms)[0m  [1mCREATE TABLE "schema_migrations" ("version" varchar(255) NOT NULL) [0m
  [1m[35mSQL (0.1ms)[0m  PRAGMA index_list("schema_migrations")
  [1m[36mSQL (151.5ms)[0m  [1mCREATE UNIQUE INDEX "unique_schema_migrations" ON "schema_migrations" ("version")[0m
  [1m[35mSQL (0.2ms)[0m   SELECT name
 FROM sqlite_master
 WHERE type = 'table' AND NOT name = 'sqlite_sequence'
  [1m[36mSQL (0.1ms)[0m  [1m SELECT name
 FROM sqlite_master
 WHERE type = 'table' AND NOT name = 'sqlite_sequence'
[0m
  [1m[35mSQL (0.1ms)[0m  SELECT "schema_migrations"."version" FROM "schema_migrations"
Migrating to CreateUsers (20160320124730)
  [1m[36mSQL (0.4ms)[0m  [1mCREATE TABLE "users" ("id" INTEGER PRIMARY KEY AUTOINCREMENT NOT NULL, "nom" varchar(255), "email" varchar(255), "created_at" datetime, "updated_at" datetime) [0m
  [1m[35mSQL (0.1ms)[0m  INSERT INTO "schema_migrations" ("version") VALUES ('20160320124730')
  [1m[36mSQL (0.2ms)[0m  [1m SELECT name
 FROM sqlite_master
 WHERE type = 'table' AND NOT name = 'sqlite_sequence'
[0m
  [1m[35mSQL (0.1ms)[0m  SELECT "schema_migrations"."version" FROM "schema_migrations"
  [1m[36mSQL (0.1ms)[0m  [1m SELECT name
 FROM sqlite_master
 WHERE type = 'table' AND NOT name = 'sqlite_sequence'
[0m
  [1m[35mSQL (0.1ms)[0m  PRAGMA index_list("users")


Started GET "/users" for 127.0.0.1 at 2016-03-20 14:06:13 +0100
  Processing by UsersController#index as HTML
  [1m[36mUser Load (0.3ms)[0m  [1mSELECT "users".* FROM "users"[0m
Rendered users/index.html.erb within layouts/application (1.9ms)
Completed 200 OK in 34ms (Views: 4.2ms | ActiveRecord: 0.3ms)


Started GET "/users/new" for 127.0.0.1 at 2016-03-20 14:06:24 +0100
  Processing by UsersController#new as HTML
Rendered users/_form.html.erb (11.6ms)
Rendered users/new.html.erb within layouts/application (13.8ms)
Completed 200 OK in 22ms (Views: 16.2ms | ActiveRecord: 0.0ms)


Started POST "/users" for 127.0.0.1 at 2016-03-20 14:06:38 +0100
  Processing by UsersController#create as HTML
  Parameters: {"utf8"=>"✓", "authenticity_token"=>"E8UppUkAciRUm2xrNtsfKcPXYIzzo86p5mdkZPYU2Vo=", "user"=>{"nom"=>"test", "email"=>"test@test.fr"}, "commit"=>"Create User"}
  [1m[35mSQL (0.1ms)[0m   SELECT name
 FROM sqlite_master
 WHERE type = 'table' AND NOT name = 'sqlite_sequence'
  [1m[36mAREL (0.2ms)[0m  [1mINSERT INTO "users" ("nom", "email", "created_at", "updated_at") VALUES ('test', 'test@test.fr', '2016-03-20 13:06:38.963478', '2016-03-20 13:06:38.963478')[0m
Redirected to http://localhost:3000/users/1
Completed 302 Found in 179ms


Started GET "/users/1" for 127.0.0.1 at 2016-03-20 14:06:39 +0100
  Processing by UsersController#show as HTML
  Parameters: {"id"=>"1"}
  [1m[35mUser Load (0.1ms)[0m  SELECT "users".* FROM "users" WHERE "users"."id" = 1 LIMIT 1
Rendered users/show.html.erb within layouts/application (7.4ms)
Completed 200 OK in 16ms (Views: 9.7ms | ActiveRecord: 0.4ms)


Started GET "/users/1/edit" for 127.0.0.1 at 2016-03-20 14:07:08 +0100
  Processing by UsersController#edit as HTML
  Parameters: {"id"=>"1"}
  [1m[36mUser Load (0.1ms)[0m  [1mSELECT "users".* FROM "users" WHERE "users"."id" = 1 LIMIT 1[0m
Rendered users/_form.html.erb (7.1ms)
Rendered users/edit.html.erb within layouts/application (9.5ms)
Completed 200 OK in 17ms (Views: 11.7ms | ActiveRecord: 0.1ms)


Started POST "/users/1" for 127.0.0.1 at 2016-03-20 14:07:25 +0100
  Processing by UsersController#update as HTML
  Parameters: {"utf8"=>"✓", "authenticity_token"=>"E8UppUkAciRUm2xrNtsfKcPXYIzzo86p5mdkZPYU2Vo=", "user"=>{"nom"=>"test_01", "email"=>"test_01@test.fr"}, "commit"=>"Update User", "id"=>"1"}
  [1m[35mUser Load (0.1ms)[0m  SELECT "users".* FROM "users" WHERE "users"."id" = 1 LIMIT 1
  [1m[36mAREL (0.1ms)[0m  [1mUPDATE "users" SET "nom" = 'test_01', "email" = 'test_01@test.fr', "updated_at" = '2016-03-20 13:07:25.156912' WHERE "users"."id" = 1[0m
Redirected to http://localhost:3000/users/1
Completed 302 Found in 174ms


Started GET "/users/1" for 127.0.0.1 at 2016-03-20 14:07:25 +0100
  Processing by UsersController#show as HTML
  Parameters: {"id"=>"1"}
  [1m[35mUser Load (0.1ms)[0m  SELECT "users".* FROM "users" WHERE "users"."id" = 1 LIMIT 1
Rendered users/show.html.erb within layouts/application (21.5ms)
Completed 200 OK in 30ms (Views: 23.7ms | ActiveRecord: 0.4ms)
  [1m[36mSQL (0.3ms)[0m  [1m SELECT name
 FROM sqlite_master
 WHERE type = 'table' AND NOT name = 'sqlite_sequence'
[0m
  [1m[35mSQL (0.1ms)[0m   SELECT name
 FROM sqlite_master
 WHERE type = 'table' AND NOT name = 'sqlite_sequence'
  [1m[36mSQL (0.1ms)[0m  [1mSELECT "schema_migrations"."version" FROM "schema_migrations"[0m
Migrating to CreateUsers (20160320124730)
Migrating to CreateMicroposts (20160320131132)
  [1m[35mSQL (0.0ms)[0m  select sqlite_version(*)
  [1m[36mSQL (0.2ms)[0m  [1mCREATE TABLE "microposts" ("id" INTEGER PRIMARY KEY AUTOINCREMENT NOT NULL, "content" varchar(255), "user_id" integer, "created_at" datetime, "updated_at" datetime) [0m
  [1m[35mSQL (0.1ms)[0m  INSERT INTO "schema_migrations" ("version") VALUES ('20160320131132')
  [1m[36mSQL (0.2ms)[0m  [1m SELECT name
 FROM sqlite_master
 WHERE type = 'table' AND NOT name = 'sqlite_sequence'
[0m
  [1m[35mSQL (0.1ms)[0m  SELECT "schema_migrations"."version" FROM "schema_migrations"
  [1m[36mSQL (0.1ms)[0m  [1m SELECT name
 FROM sqlite_master
 WHERE type = 'table' AND NOT name = 'sqlite_sequence'
[0m
  [1m[35mSQL (0.1ms)[0m  PRAGMA index_list("microposts")
  [1m[36mSQL (0.1ms)[0m  [1mPRAGMA index_list("users")[0m


Started GET "/users/1" for 127.0.0.1 at 2016-03-20 14:13:25 +0100
  Processing by UsersController#show as HTML
  Parameters: {"id"=>"1"}
  [1m[36mSQL (0.3ms)[0m  [1m SELECT name
 FROM sqlite_master
 WHERE type = 'table' AND NOT name = 'sqlite_sequence'
[0m
  [1m[35mUser Load (0.1ms)[0m  SELECT "users".* FROM "users" WHERE "users"."id" = 1 LIMIT 1
Rendered users/show.html.erb within layouts/application (7.0ms)
Completed 200 OK in 40ms (Views: 9.1ms | ActiveRecord: 0.5ms)


Started GET "/microposts" for 127.0.0.1 at 2016-03-20 14:13:34 +0100
  Processing by MicropostsController#index as HTML
  [1m[36mMicropost Load (0.1ms)[0m  [1mSELECT "microposts".* FROM "microposts"[0m
Rendered microposts/index.html.erb within layouts/application (1.9ms)
Completed 200 OK in 9ms (Views: 4.3ms | ActiveRecord: 0.1ms)


Started GET "/microposts/new" for 127.0.0.1 at 2016-03-20 14:13:47 +0100
  Processing by MicropostsController#new as HTML
Rendered microposts/_form.html.erb (9.8ms)
Rendered microposts/new.html.erb within layouts/application (12.1ms)
Completed 200 OK in 20ms (Views: 14.3ms | ActiveRecord: 0.0ms)


Started POST "/microposts" for 127.0.0.1 at 2016-03-20 14:13:57 +0100
  Processing by MicropostsController#create as HTML
  Parameters: {"utf8"=>"✓", "authenticity_token"=>"E8UppUkAciRUm2xrNtsfKcPXYIzzo86p5mdkZPYU2Vo=", "micropost"=>{"content"=>"first micropost", "user_id"=>"1"}, "commit"=>"Create Micropost"}
  [1m[35mAREL (0.2ms)[0m  INSERT INTO "microposts" ("content", "user_id", "created_at", "updated_at") VALUES ('first micropost', 1, '2016-03-20 13:13:57.111515', '2016-03-20 13:13:57.111515')
Redirected to http://localhost:3000/microposts/1
Completed 302 Found in 449ms


Started GET "/microposts/1" for 127.0.0.1 at 2016-03-20 14:13:57 +0100
  Processing by MicropostsController#show as HTML
  Parameters: {"id"=>"1"}
  [1m[36mMicropost Load (0.1ms)[0m  [1mSELECT "microposts".* FROM "microposts" WHERE "microposts"."id" = 1 LIMIT 1[0m
Rendered microposts/show.html.erb within layouts/application (6.2ms)
Completed 200 OK in 14ms (Views: 8.3ms | ActiveRecord: 0.3ms)


Started GET "/microposts" for 127.0.0.1 at 2016-03-20 14:14:25 +0100
  Processing by MicropostsController#index as HTML
  [1m[35mMicropost Load (0.4ms)[0m  SELECT "microposts".* FROM "microposts"
Rendered microposts/index.html.erb within layouts/application (8.7ms)
Completed 200 OK in 17ms (Views: 11.8ms | ActiveRecord: 0.4ms)


Started GET "/microposts/new" for 127.0.0.1 at 2016-03-20 14:14:28 +0100
  Processing by MicropostsController#new as HTML
Rendered microposts/_form.html.erb (5.7ms)
Rendered microposts/new.html.erb within layouts/application (7.8ms)
Completed 200 OK in 30ms (Views: 10.0ms | ActiveRecord: 0.0ms)


Started POST "/microposts" for 127.0.0.1 at 2016-03-20 14:14:41 +0100
  Processing by MicropostsController#create as HTML
  Parameters: {"utf8"=>"✓", "authenticity_token"=>"E8UppUkAciRUm2xrNtsfKcPXYIzzo86p5mdkZPYU2Vo=", "micropost"=>{"content"=>"an other micropost", "user_id"=>"2"}, "commit"=>"Create Micropost"}
  [1m[36mAREL (0.1ms)[0m  [1mINSERT INTO "microposts" ("content", "user_id", "created_at", "updated_at") VALUES ('an other micropost', 2, '2016-03-20 13:14:41.535576', '2016-03-20 13:14:41.535576')[0m
Redirected to http://localhost:3000/microposts/2
Completed 302 Found in 166ms


Started GET "/microposts/2" for 127.0.0.1 at 2016-03-20 14:14:41 +0100
  Processing by MicropostsController#show as HTML
  Parameters: {"id"=>"2"}
  [1m[35mMicropost Load (0.1ms)[0m  SELECT "microposts".* FROM "microposts" WHERE "microposts"."id" = 2 LIMIT 1
Rendered microposts/show.html.erb within layouts/application (6.2ms)
Completed 200 OK in 14ms (Views: 8.4ms | ActiveRecord: 0.3ms)


Started GET "/microposts/2/edit" for 127.0.0.1 at 2016-03-20 14:16:43 +0100
  Processing by MicropostsController#edit as HTML
  Parameters: {"id"=>"2"}
  [1m[36mSQL (0.3ms)[0m  [1m SELECT name
 FROM sqlite_master
 WHERE type = 'table' AND NOT name = 'sqlite_sequence'
[0m
  [1m[35mMicropost Load (0.1ms)[0m  SELECT "microposts".* FROM "microposts" WHERE "microposts"."id" = 2 LIMIT 1
Rendered microposts/_form.html.erb (11.4ms)
Rendered microposts/edit.html.erb within layouts/application (13.9ms)
Completed 200 OK in 47ms (Views: 16.1ms | ActiveRecord: 0.4ms)


Started POST "/microposts/2" for 127.0.0.1 at 2016-03-20 14:16:56 +0100
  Processing by MicropostsController#update as HTML
  Parameters: {"utf8"=>"✓", "authenticity_token"=>"E8UppUkAciRUm2xrNtsfKcPXYIzzo86p5mdkZPYU2Vo=", "micropost"=>{"content"=>"an other micropostfdfbdbddfdfbdfdgh shtshsrthtsrhsrhsrthstrhsthstrhsrthsrthtrshsrhrthstrhsrthtrshrsththstrhjyjstqqhkuktufkkuykyukuykuyfkfyku", "user_id"=>"2"}, "commit"=>"Update Micropost", "id"=>"2"}
  [1m[36mMicropost Load (0.1ms)[0m  [1mSELECT "microposts".* FROM "microposts" WHERE "microposts"."id" = 2 LIMIT 1[0m
  [1m[35mAREL (0.2ms)[0m  UPDATE "microposts" SET "content" = 'an other micropostfdfbdbddfdfbdfdgh shtshsrthtsrhsrhsrthstrhsthstrhsrthsrthtrshsrhrthstrhsrthtrshrsththstrhjyjstqqhkuktufkkuykyukuykuyfkfyku', "updated_at" = '2016-03-20 13:16:56.808954' WHERE "microposts"."id" = 2
Redirected to http://localhost:3000/microposts/2
Completed 302 Found in 173ms


Started GET "/microposts/2" for 127.0.0.1 at 2016-03-20 14:16:56 +0100
  Processing by MicropostsController#show as HTML
  Parameters: {"id"=>"2"}
  [1m[36mMicropost Load (0.1ms)[0m  [1mSELECT "microposts".* FROM "microposts" WHERE "microposts"."id" = 2 LIMIT 1[0m
Rendered microposts/show.html.erb within layouts/application (7.2ms)
Completed 200 OK in 16ms (Views: 10.0ms | ActiveRecord: 0.4ms)


Started GET "/microposts/2" for 127.0.0.1 at 2016-03-20 14:17:01 +0100
  Processing by MicropostsController#show as HTML
  Parameters: {"id"=>"2"}
  [1m[35mMicropost Load (0.1ms)[0m  SELECT "microposts".* FROM "microposts" WHERE "microposts"."id" = 2 LIMIT 1
Rendered microposts/show.html.erb within layouts/application (6.2ms)
Completed 200 OK in 15ms (Views: 8.4ms | ActiveRecord: 0.1ms)


Started GET "/microposts/2/edit" for 127.0.0.1 at 2016-03-20 14:17:08 +0100
  Processing by MicropostsController#edit as HTML
  Parameters: {"id"=>"2"}
  [1m[36mMicropost Load (0.2ms)[0m  [1mSELECT "microposts".* FROM "microposts" WHERE "microposts"."id" = 2 LIMIT 1[0m
Rendered microposts/_form.html.erb (7.3ms)
Rendered microposts/edit.html.erb within layouts/application (9.7ms)
Completed 200 OK in 21ms (Views: 12.1ms | ActiveRecord: 0.2ms)


Started POST "/microposts/2" for 127.0.0.1 at 2016-03-20 14:17:13 +0100
  Processing by MicropostsController#update as HTML
  Parameters: {"utf8"=>"✓", "authenticity_token"=>"E8UppUkAciRUm2xrNtsfKcPXYIzzo86p5mdkZPYU2Vo=", "micropost"=>{"content"=>"micropostfdfbdbddfdfbdfdgh shtshsrthtsrhsrhsrthstrhsthstrhsrthsrthtrshsrhrthstrhsrthtrshrsththstrhjyjstqqhkuktufkkuykyukuykuyfkfykumicropostfdfbdbddfdfbdfdgh shtshsrthtsrhsrhsrthstrhsthstrhsrthsrthtrshsrhrthstrhsrthtrshrsththstrhjyjstqqhkuktufkkuykyukuykuyfkfykumicropostfdfbdbddfdfbdfdgh shtshsrthtsrhsrhsrthstrhsthstrhsrthsrthtrshsrhrthstrhsrthtrshrsththstrhjyjstqqhkuktufkkuykyukuykuyfkfykumicropostfdfbdbddfdfbdfdgh shtshsrthtsrhsrhsrthstrhsthstrhsrthsrthtrshsrhrthstrhsrthtrshrsththstrhjyjstqqhkuktufkkuykyukuykuyfkfykumicropostfdfbdbddfdfbdfdgh shtshsrthtsrhsrhsrthstrhsthstrhsrthsrthtrshsrhrthstrhsrthtrshrsththstrhjyjstqqhkuktufkkuykyukuykuyfkfykumicropostfdfbdbddfdfbdfdgh shtshsrthtsrhsrhsrthstrhsthstrhsrthsrthtrshsrhrthstrhsrthtrshrsththstrhjyjstqqhkuktufkkuykyukuykuyfkfykumicropostfdfbdbddfdfbdfdgh shtshsrthtsrhsrhsrthstrhsthstrhsrthsrthtrshsrhrthstrhsrthtrshrsththstrhjyjstqqhkuktufkkuykyukuykuyfkfykumicropostfdfbdbddfdfbdfdgh shtshsrthtsrhsrhsrthstrhsthstrhsrthsrthtrshsrhrthstrhsrthtrshrsththstrhjyjstqqhkuktufkkuykyukuykuyfkfykumicropostfdfbdbddfdfbdfdgh shtshsrthtsrhsrhsrthstrhsthstrhsrthsrthtrshsrhrthstrhsrthtrshrsththstrhjyjstqqhkuktufkkuykyukuykuyfkfykumicropostfdfbdbddfdfbdfdgh shtshsrthtsrhsrhsrthstrhsthstrhsrthsrthtrshsrhrthstrhsrthtrshrsththstrhjyjstqqhkuktufkkuykyukuykuyfkfyku", "user_id"=>"2"}, "commit"=>"Update Micropost", "id"=>"2"}
  [1m[35mMicropost Load (0.1ms)[0m  SELECT "microposts".* FROM "microposts" WHERE "microposts"."id" = 2 LIMIT 1
Rendered microposts/_form.html.erb (3.7ms)
Rendered microposts/edit.html.erb within layouts/application (6.2ms)
Completed 200 OK in 37ms (Views: 8.4ms | ActiveRecord: 0.1ms)


Started POST "/microposts/2" for 127.0.0.1 at 2016-03-20 14:17:36 +0100
  Processing by MicropostsController#update as HTML
  Parameters: {"utf8"=>"✓", "authenticity_token"=>"E8UppUkAciRUm2xrNtsfKcPXYIzzo86p5mdkZPYU2Vo=", "micropost"=>{"content"=>"an other micropost ", "user_id"=>"2"}, "commit"=>"Update Micropost", "id"=>"2"}
  [1m[36mMicropost Load (0.1ms)[0m  [1mSELECT "microposts".* FROM "microposts" WHERE "microposts"."id" = 2 LIMIT 1[0m
  [1m[35mAREL (0.1ms)[0m  UPDATE "microposts" SET "content" = 'an other micropost ', "updated_at" = '2016-03-20 13:17:36.140483' WHERE "microposts"."id" = 2
Redirected to http://localhost:3000/microposts/2
Completed 302 Found in 170ms


Started GET "/microposts/2" for 127.0.0.1 at 2016-03-20 14:17:36 +0100
  Processing by MicropostsController#show as HTML
  Parameters: {"id"=>"2"}
  [1m[36mMicropost Load (0.1ms)[0m  [1mSELECT "microposts".* FROM "microposts" WHERE "microposts"."id" = 2 LIMIT 1[0m
Rendered microposts/show.html.erb within layouts/application (6.3ms)
Completed 200 OK in 15ms (Views: 8.5ms | ActiveRecord: 0.4ms)


Started GET "/microposts" for 127.0.0.1 at 2016-03-20 14:28:22 +0100
  Processing by MicropostsController#index as HTML
  [1m[35mMicropost Load (0.3ms)[0m  SELECT "microposts".* FROM "microposts"
Rendered microposts/index.html.erb within layouts/application (7.3ms)
Completed 200 OK in 14ms (Views: 9.4ms | ActiveRecord: 0.3ms)


Started GET "/users" for 127.0.0.1 at 2016-03-20 14:28:32 +0100
  Processing by UsersController#index as HTML
  [1m[36mUser Load (0.3ms)[0m  [1mSELECT "users".* FROM "users"[0m
Rendered users/index.html.erb within layouts/application (6.5ms)
Completed 200 OK in 13ms (Views: 8.7ms | ActiveRecord: 0.3ms)


Started GET "/users/new" for 127.0.0.1 at 2016-03-20 14:28:34 +0100
  Processing by UsersController#new as HTML
Rendered users/_form.html.erb (8.3ms)
Rendered users/new.html.erb within layouts/application (11.4ms)
Completed 200 OK in 35ms (Views: 14.9ms | ActiveRecord: 0.0ms)


Started POST "/users" for 127.0.0.1 at 2016-03-20 14:28:51 +0100
  Processing by UsersController#create as HTML
  Parameters: {"utf8"=>"✓", "authenticity_token"=>"E8UppUkAciRUm2xrNtsfKcPXYIzzo86p5mdkZPYU2Vo=", "user"=>{"nom"=>"test_02", "email"=>"test_02@test.fr"}, "commit"=>"Create User"}
  [1m[35mAREL (0.1ms)[0m  INSERT INTO "users" ("nom", "email", "created_at", "updated_at") VALUES ('test_02', 'test_02@test.fr', '2016-03-20 13:28:51.056882', '2016-03-20 13:28:51.056882')
Redirected to http://localhost:3000/users/2
Completed 302 Found in 195ms


Started GET "/users/2" for 127.0.0.1 at 2016-03-20 14:28:51 +0100
  Processing by UsersController#show as HTML
  Parameters: {"id"=>"2"}
  [1m[36mUser Load (0.1ms)[0m  [1mSELECT "users".* FROM "users" WHERE "users"."id" = 2 LIMIT 1[0m
Rendered users/show.html.erb within layouts/application (6.3ms)
Completed 200 OK in 14ms (Views: 8.4ms | ActiveRecord: 0.3ms)
  [1m[36mSQL (0.3ms)[0m  [1m SELECT name
 FROM sqlite_master
 WHERE type = 'table' AND NOT name = 'sqlite_sequence'
[0m
  [1m[35mSQL (0.1ms)[0m   SELECT name
 FROM sqlite_master
 WHERE type = 'table' AND NOT name = 'sqlite_sequence'
  [1m[36mSQL (0.1ms)[0m  [1mSELECT "schema_migrations"."version" FROM "schema_migrations"[0m
Migrating to CreateUsers (20160320124730)
Migrating to CreateMicroposts (20160320131132)
  [1m[35mSQL (0.1ms)[0m  select sqlite_version(*)
  [1m[36mSQL (0.1ms)[0m  [1m SELECT name
 FROM sqlite_master
 WHERE type = 'table' AND NOT name = 'sqlite_sequence'
[0m
  [1m[35mSQL (0.1ms)[0m  SELECT "schema_migrations"."version" FROM "schema_migrations"
  [1m[36mSQL (0.1ms)[0m  [1m SELECT name
 FROM sqlite_master
 WHERE type = 'table' AND NOT name = 'sqlite_sequence'
[0m
  [1m[35mSQL (0.1ms)[0m  PRAGMA index_list("microposts")
  [1m[36mSQL (0.1ms)[0m  [1mPRAGMA index_list("users")[0m


Started GET "/users/2" for 127.0.0.1 at 2016-03-20 14:30:36 +0100
  Processing by UsersController#show as HTML
  Parameters: {"id"=>"2"}
  [1m[36mSQL (0.3ms)[0m  [1m SELECT name
 FROM sqlite_master
 WHERE type = 'table' AND NOT name = 'sqlite_sequence'
[0m
  [1m[35mUser Load (0.1ms)[0m  SELECT "users".* FROM "users" WHERE "users"."id" = 2 LIMIT 1
Rendered users/show.html.erb within layouts/application (7.2ms)
Completed 200 OK in 50ms (Views: 9.5ms | ActiveRecord: 0.4ms)


Started GET "/users" for 127.0.0.1 at 2016-03-20 14:30:41 +0100
  Processing by UsersController#index as HTML
  [1m[36mUser Load (0.2ms)[0m  [1mSELECT "users".* FROM "users"[0m
Rendered users/index.html.erb within layouts/application (8.0ms)
Completed 200 OK in 16ms (Views: 10.1ms | ActiveRecord: 0.2ms)


Started GET "/microposts" for 127.0.0.1 at 2016-03-20 14:30:48 +0100
  Processing by MicropostsController#index as HTML
  [1m[35mMicropost Load (0.3ms)[0m  SELECT "microposts".* FROM "microposts"
Rendered microposts/index.html.erb within layouts/application (21.6ms)
Completed 200 OK in 30ms (Views: 23.8ms | ActiveRecord: 0.3ms)
  [1m[36mUser Load (0.3ms)[0m  [1mSELECT "users".* FROM "users" LIMIT 1[0m
  [1m[35mMicropost Load (0.2ms)[0m  SELECT "microposts".* FROM "microposts" WHERE ("microposts".user_id = 1)
